<?xml version="1.0" encoding="UTF-8"?>
<!-- Generated by org.testng.reporters.JUnitReportReporter -->
<testsuite skipped="0" hostname="DESKTOP-0490QAV" name="guru99FirstTask.Task5" tests="1" failures="0" timestamp="04 May 2019 20:53:42 GMT" time="159.724" errors="0">
  <testcase name="f" time="159.724" classname="guru99FirstTask.Task5"/>
</testsuite> <!-- guru99FirstTask.Task5 -->
