<?xml version="1.0" encoding="UTF-8"?>
<!-- Generated by org.testng.reporters.JUnitReportReporter -->
<testsuite skipped="0" hostname="DESKTOP-0490QAV" name="guru99FirstTask.Task4" tests="1" failures="0" timestamp="04 May 2019 19:01:42 GMT" time="29.015" errors="0">
  <testcase name="f" time="29.015" classname="guru99FirstTask.Task4"/>
</testsuite> <!-- guru99FirstTask.Task4 -->
