<?xml version="1.0" encoding="UTF-8"?>
<!-- Generated by org.testng.reporters.JUnitReportReporter -->
<testsuite skipped="0" hostname="DESKTOP-0490QAV" name="guru99FirstTask.Task2" tests="1" failures="0" timestamp="23 Apr 2019 15:56:13 GMT" time="6.078" errors="0">
  <testcase name="test" time="6.078" classname="guru99FirstTask.Task2"/>
</testsuite> <!-- guru99FirstTask.Task2 -->
