<?xml version="1.0" encoding="UTF-8"?>
<!-- Generated by org.testng.reporters.JUnitReportReporter -->
<testsuite skipped="0" hostname="DESKTOP-0490QAV" name="guru99FirstTask.Test3" tests="1" failures="0" timestamp="26 Apr 2019 09:06:32 GMT" time="7.301" errors="0">
  <testcase name="taskComplited" time="7.301" classname="guru99FirstTask.Test3"/>
</testsuite> <!-- guru99FirstTask.Test3 -->
